<?xml version="1.0" encoding="UTF-8"?>
<!-- Generated by org.testng.reporters.JUnitReportReporter -->
<testsuite skipped="0" hostname="LAPTOP-I956N8A5" name="test.Sample" tests="3" failures="0" timestamp="27 Nov 2021 06:06:40 GMT" time="0.014" errors="0">
  <testcase name="tc2" time="0.003" classname="test.Sample"/>
  <testcase name="tc1" time="0.008" classname="test.Sample"/>
  <testcase name="tc3" time="0.003" classname="test.Sample"/>
</testsuite> <!-- test.Sample -->
